C:\USERS\JOSéALFREDO\DESKTOP\LMAD\3 SEMESTRE\PROGRAMACION ORIENTADA A OBJETOS EN C++\PROYECTO FINAL POO JOSE ALFREDO GUZMAN IRACHETA\DEBUG\PLANTILLA POO.EXE
C:\USERS\JOSéALFREDO\DESKTOP\LMAD\3 SEMESTRE\PROGRAMACION ORIENTADA A OBJETOS EN C++\PROYECTO FINAL POO JOSE ALFREDO GUZMAN IRACHETA\DEBUG\PLANTILLA POO.ILK
C:\USERS\JOSÉALFREDO\DESKTOP\LMAD\3 SEMESTRE\PROGRAMACION ORIENTADA A OBJETOS EN C++\PROYECTO FINAL POO JOSE ALFREDO GUZMAN IRACHETA\DEBUG\PLANTILLA POO.PDB
C:\USERS\JOSéALFREDO\DESKTOP\LMAD\3 SEMESTRE\PROGRAMACION ORIENTADA A OBJETOS EN C++\PROYECTO FINAL POO JOSE ALFREDO GUZMAN IRACHETA\PLANTILLA POO\DEBUG\BMPLOADER.OBJ
C:\USERS\JOSéALFREDO\DESKTOP\LMAD\3 SEMESTRE\PROGRAMACION ORIENTADA A OBJETOS EN C++\PROYECTO FINAL POO JOSE ALFREDO GUZMAN IRACHETA\PLANTILLA POO\DEBUG\CAMERA_V2.OBJ
C:\USERS\JOSéALFREDO\DESKTOP\LMAD\3 SEMESTRE\PROGRAMACION ORIENTADA A OBJETOS EN C++\PROYECTO FINAL POO JOSE ALFREDO GUZMAN IRACHETA\PLANTILLA POO\DEBUG\DOME.OBJ
C:\USERS\JOSéALFREDO\DESKTOP\LMAD\3 SEMESTRE\PROGRAMACION ORIENTADA A OBJETOS EN C++\PROYECTO FINAL POO JOSE ALFREDO GUZMAN IRACHETA\PLANTILLA POO\DEBUG\GLM.OBJ
C:\USERS\JOSéALFREDO\DESKTOP\LMAD\3 SEMESTRE\PROGRAMACION ORIENTADA A OBJETOS EN C++\PROYECTO FINAL POO JOSE ALFREDO GUZMAN IRACHETA\PLANTILLA POO\DEBUG\MAIN.OBJ
C:\USERS\JOSéALFREDO\DESKTOP\LMAD\3 SEMESTRE\PROGRAMACION ORIENTADA A OBJETOS EN C++\PROYECTO FINAL POO JOSE ALFREDO GUZMAN IRACHETA\PLANTILLA POO\DEBUG\MODEL.OBJ
C:\USERS\JOSéALFREDO\DESKTOP\LMAD\3 SEMESTRE\PROGRAMACION ORIENTADA A OBJETOS EN C++\PROYECTO FINAL POO JOSE ALFREDO GUZMAN IRACHETA\PLANTILLA POO\DEBUG\OBJETOS.OBJ
C:\USERS\JOSéALFREDO\DESKTOP\LMAD\3 SEMESTRE\PROGRAMACION ORIENTADA A OBJETOS EN C++\PROYECTO FINAL POO JOSE ALFREDO GUZMAN IRACHETA\PLANTILLA POO\DEBUG\PLANTILLA POO.EXE.EMBED.MANIFEST.RES
C:\USERS\JOSéALFREDO\DESKTOP\LMAD\3 SEMESTRE\PROGRAMACION ORIENTADA A OBJETOS EN C++\PROYECTO FINAL POO JOSE ALFREDO GUZMAN IRACHETA\PLANTILLA POO\DEBUG\PLANTILLA POO.EXE.INTERMEDIATE.MANIFEST
C:\USERS\JOSéALFREDO\DESKTOP\LMAD\3 SEMESTRE\PROGRAMACION ORIENTADA A OBJETOS EN C++\PROYECTO FINAL POO JOSE ALFREDO GUZMAN IRACHETA\PLANTILLA POO\DEBUG\TERRAIN_V2.OBJ
C:\USERS\JOSÉALFREDO\DESKTOP\LMAD\3 SEMESTRE\PROGRAMACION ORIENTADA A OBJETOS EN C++\PROYECTO FINAL POO JOSE ALFREDO GUZMAN IRACHETA\PLANTILLA POO\DEBUG\VC100.PDB
C:\USERS\JOSéALFREDO\DESKTOP\LMAD\3 SEMESTRE\PROGRAMACION ORIENTADA A OBJETOS EN C++\PROYECTO FINAL POO JOSE ALFREDO GUZMAN IRACHETA\PLANTILLA POO\DEBUG\WATER.OBJ
C:\USERS\JOSéALFREDO\DESKTOP\LMAD\4 SEMESTRE\GRAFICAS COMPUTACIONALES\PROYECTO_GRAFICAS\DEBUG\PLANTILLA POO.EXE
C:\USERS\JOSéALFREDO\DESKTOP\LMAD\4 SEMESTRE\GRAFICAS COMPUTACIONALES\PROYECTO_GRAFICAS\DEBUG\PLANTILLA POO.ILK
C:\USERS\JOSÉALFREDO\DESKTOP\LMAD\4 SEMESTRE\GRAFICAS COMPUTACIONALES\PROYECTO_GRAFICAS\DEBUG\PLANTILLA POO.PDB
C:\USERS\JOSéALFREDO\DESKTOP\LMAD\4 SEMESTRE\GRAFICAS COMPUTACIONALES\PROYECTO_GRAFICAS\PLANTILLA POO\DEBUG\BMPLOADER.OBJ
C:\USERS\JOSéALFREDO\DESKTOP\LMAD\4 SEMESTRE\GRAFICAS COMPUTACIONALES\PROYECTO_GRAFICAS\PLANTILLA POO\DEBUG\CAMERA_V2.OBJ
C:\USERS\JOSéALFREDO\DESKTOP\LMAD\4 SEMESTRE\GRAFICAS COMPUTACIONALES\PROYECTO_GRAFICAS\PLANTILLA POO\DEBUG\DOME.OBJ
C:\USERS\JOSéALFREDO\DESKTOP\LMAD\4 SEMESTRE\GRAFICAS COMPUTACIONALES\PROYECTO_GRAFICAS\PLANTILLA POO\DEBUG\GLM.OBJ
C:\USERS\JOSéALFREDO\DESKTOP\LMAD\4 SEMESTRE\GRAFICAS COMPUTACIONALES\PROYECTO_GRAFICAS\PLANTILLA POO\DEBUG\MAIN.OBJ
C:\USERS\JOSéALFREDO\DESKTOP\LMAD\4 SEMESTRE\GRAFICAS COMPUTACIONALES\PROYECTO_GRAFICAS\PLANTILLA POO\DEBUG\MODEL.OBJ
C:\USERS\JOSéALFREDO\DESKTOP\LMAD\4 SEMESTRE\GRAFICAS COMPUTACIONALES\PROYECTO_GRAFICAS\PLANTILLA POO\DEBUG\OBJETOS.OBJ
C:\USERS\JOSéALFREDO\DESKTOP\LMAD\4 SEMESTRE\GRAFICAS COMPUTACIONALES\PROYECTO_GRAFICAS\PLANTILLA POO\DEBUG\PLANTILLA POO.EXE.EMBED.MANIFEST.RES
C:\USERS\JOSéALFREDO\DESKTOP\LMAD\4 SEMESTRE\GRAFICAS COMPUTACIONALES\PROYECTO_GRAFICAS\PLANTILLA POO\DEBUG\PLANTILLA POO.EXE.INTERMEDIATE.MANIFEST
C:\USERS\JOSéALFREDO\DESKTOP\LMAD\4 SEMESTRE\GRAFICAS COMPUTACIONALES\PROYECTO_GRAFICAS\PLANTILLA POO\DEBUG\TERRAIN_V2.OBJ
C:\USERS\JOSÉALFREDO\DESKTOP\LMAD\4 SEMESTRE\GRAFICAS COMPUTACIONALES\PROYECTO_GRAFICAS\PLANTILLA POO\DEBUG\VC100.PDB
C:\USERS\JOSéALFREDO\DESKTOP\LMAD\4 SEMESTRE\GRAFICAS COMPUTACIONALES\PROYECTO_GRAFICAS\PLANTILLA POO\DEBUG\WATER.OBJ
C:\USERS\JOSéALFREDO\DESKTOP\PROYECTO FINAL POO JOSE ALFREDO GUZMAN IRACHETA\DEBUG\PLANTILLA POO.EXE
C:\USERS\JOSéALFREDO\DESKTOP\PROYECTO FINAL POO JOSE ALFREDO GUZMAN IRACHETA\DEBUG\PLANTILLA POO.ILK
C:\USERS\JOSÉALFREDO\DESKTOP\PROYECTO FINAL POO JOSE ALFREDO GUZMAN IRACHETA\DEBUG\PLANTILLA POO.PDB
C:\USERS\JOSéALFREDO\DESKTOP\PROYECTO FINAL POO JOSE ALFREDO GUZMAN IRACHETA\PLANTILLA POO\DEBUG\BMPLOADER.OBJ
C:\USERS\JOSéALFREDO\DESKTOP\PROYECTO FINAL POO JOSE ALFREDO GUZMAN IRACHETA\PLANTILLA POO\DEBUG\CAMERA_V2.OBJ
C:\USERS\JOSéALFREDO\DESKTOP\PROYECTO FINAL POO JOSE ALFREDO GUZMAN IRACHETA\PLANTILLA POO\DEBUG\DOME.OBJ
C:\USERS\JOSéALFREDO\DESKTOP\PROYECTO FINAL POO JOSE ALFREDO GUZMAN IRACHETA\PLANTILLA POO\DEBUG\GLM.OBJ
C:\USERS\JOSéALFREDO\DESKTOP\PROYECTO FINAL POO JOSE ALFREDO GUZMAN IRACHETA\PLANTILLA POO\DEBUG\MAIN.OBJ
C:\USERS\JOSéALFREDO\DESKTOP\PROYECTO FINAL POO JOSE ALFREDO GUZMAN IRACHETA\PLANTILLA POO\DEBUG\MODEL.OBJ
C:\USERS\JOSéALFREDO\DESKTOP\PROYECTO FINAL POO JOSE ALFREDO GUZMAN IRACHETA\PLANTILLA POO\DEBUG\OBJETOS.OBJ
C:\USERS\JOSéALFREDO\DESKTOP\PROYECTO FINAL POO JOSE ALFREDO GUZMAN IRACHETA\PLANTILLA POO\DEBUG\PLANTILLA POO.EXE.EMBED.MANIFEST.RES
C:\USERS\JOSéALFREDO\DESKTOP\PROYECTO FINAL POO JOSE ALFREDO GUZMAN IRACHETA\PLANTILLA POO\DEBUG\PLANTILLA POO.EXE.INTERMEDIATE.MANIFEST
C:\USERS\JOSéALFREDO\DESKTOP\PROYECTO FINAL POO JOSE ALFREDO GUZMAN IRACHETA\PLANTILLA POO\DEBUG\TERRAIN_V2.OBJ
C:\USERS\JOSÉALFREDO\DESKTOP\PROYECTO FINAL POO JOSE ALFREDO GUZMAN IRACHETA\PLANTILLA POO\DEBUG\VC100.PDB
C:\USERS\JOSéALFREDO\DESKTOP\PROYECTO FINAL POO JOSE ALFREDO GUZMAN IRACHETA\PLANTILLA POO\DEBUG\WATER.OBJ
C:\USERS\JOSéALFREDO\DESKTOP\PROYECTO_GRAFICAS\DEBUG\PLANTILLA POO.EXE
C:\USERS\JOSéALFREDO\DESKTOP\PROYECTO_GRAFICAS\DEBUG\PLANTILLA POO.ILK
C:\USERS\JOSÉALFREDO\DESKTOP\PROYECTO_GRAFICAS\DEBUG\PLANTILLA POO.PDB
C:\USERS\JOSéALFREDO\DESKTOP\PROYECTO_GRAFICAS\PLANTILLA POO\DEBUG\BMPLOADER.OBJ
C:\USERS\JOSéALFREDO\DESKTOP\PROYECTO_GRAFICAS\PLANTILLA POO\DEBUG\CAMERA_V2.OBJ
C:\USERS\JOSéALFREDO\DESKTOP\PROYECTO_GRAFICAS\PLANTILLA POO\DEBUG\DOME.OBJ
C:\USERS\JOSéALFREDO\DESKTOP\PROYECTO_GRAFICAS\PLANTILLA POO\DEBUG\GLM.OBJ
C:\USERS\JOSéALFREDO\DESKTOP\PROYECTO_GRAFICAS\PLANTILLA POO\DEBUG\MAIN.OBJ
C:\USERS\JOSéALFREDO\DESKTOP\PROYECTO_GRAFICAS\PLANTILLA POO\DEBUG\MODEL.OBJ
C:\USERS\JOSéALFREDO\DESKTOP\PROYECTO_GRAFICAS\PLANTILLA POO\DEBUG\OBJETOS.OBJ
C:\USERS\JOSéALFREDO\DESKTOP\PROYECTO_GRAFICAS\PLANTILLA POO\DEBUG\PLANTILLA POO.EXE.EMBED.MANIFEST.RES
C:\USERS\JOSéALFREDO\DESKTOP\PROYECTO_GRAFICAS\PLANTILLA POO\DEBUG\PLANTILLA POO.EXE.INTERMEDIATE.MANIFEST
C:\USERS\JOSéALFREDO\DESKTOP\PROYECTO_GRAFICAS\PLANTILLA POO\DEBUG\TERRAIN_V2.OBJ
C:\USERS\JOSÉALFREDO\DESKTOP\PROYECTO_GRAFICAS\PLANTILLA POO\DEBUG\VC100.PDB
C:\USERS\JOSéALFREDO\DESKTOP\PROYECTO_GRAFICAS\PLANTILLA POO\DEBUG\WATER.OBJ
C:\USERS\JOSéALFREDO\DESKTOP\SOLO POO\DEBUG\PLANTILLA POO.EXE
C:\USERS\JOSéALFREDO\DESKTOP\SOLO POO\DEBUG\PLANTILLA POO.ILK
C:\USERS\JOSÉALFREDO\DESKTOP\SOLO POO\DEBUG\PLANTILLA POO.PDB
C:\USERS\JOSéALFREDO\DESKTOP\SOLO POO\PLANTILLA POO\DEBUG\BMPLOADER.OBJ
C:\USERS\JOSéALFREDO\DESKTOP\SOLO POO\PLANTILLA POO\DEBUG\CAMERA_V2.OBJ
C:\USERS\JOSéALFREDO\DESKTOP\SOLO POO\PLANTILLA POO\DEBUG\DOME.OBJ
C:\USERS\JOSéALFREDO\DESKTOP\SOLO POO\PLANTILLA POO\DEBUG\GATO.OBJ
C:\USERS\JOSéALFREDO\DESKTOP\SOLO POO\PLANTILLA POO\DEBUG\GLM.OBJ
C:\USERS\JOSéALFREDO\DESKTOP\SOLO POO\PLANTILLA POO\DEBUG\MAIN.OBJ
C:\USERS\JOSéALFREDO\DESKTOP\SOLO POO\PLANTILLA POO\DEBUG\MODEL.OBJ
C:\USERS\JOSéALFREDO\DESKTOP\SOLO POO\PLANTILLA POO\DEBUG\OBJETOS.OBJ
C:\USERS\JOSéALFREDO\DESKTOP\SOLO POO\PLANTILLA POO\DEBUG\PLANTILLA POO.EXE.EMBED.MANIFEST
C:\USERS\JOSéALFREDO\DESKTOP\SOLO POO\PLANTILLA POO\DEBUG\PLANTILLA POO.EXE.EMBED.MANIFEST.RES
C:\USERS\JOSéALFREDO\DESKTOP\SOLO POO\PLANTILLA POO\DEBUG\PLANTILLA POO.EXE.INTERMEDIATE.MANIFEST
C:\USERS\JOSéALFREDO\DESKTOP\SOLO POO\PLANTILLA POO\DEBUG\TERRAIN_V2.OBJ
C:\USERS\JOSÉALFREDO\DESKTOP\SOLO POO\PLANTILLA POO\DEBUG\VC100.PDB
C:\USERS\JOSéALFREDO\DESKTOP\SOLO POO\PLANTILLA POO\DEBUG\WATER.OBJ
C:\USERS\USUARIO\DOCUMENTS\.1) FACU\5TO SEM\GC\PROYECTO\PROYECTO_GRAFICAS\DEBUG\PLANTILLA POO.EXE
C:\USERS\USUARIO\DOCUMENTS\.1) FACU\5TO SEM\GC\PROYECTO\PROYECTO_GRAFICAS\DEBUG\PLANTILLA POO.ILK
C:\USERS\USUARIO\DOCUMENTS\.1) FACU\5TO SEM\GC\PROYECTO\PROYECTO_GRAFICAS\DEBUG\PLANTILLA POO.PDB
C:\USERS\USUARIO\DOCUMENTS\.1) FACU\5TO SEM\GC\PROYECTO\PROYECTO_GRAFICAS\PLANTILLA POO\DEBUG\BMPLOADER.OBJ
C:\USERS\USUARIO\DOCUMENTS\.1) FACU\5TO SEM\GC\PROYECTO\PROYECTO_GRAFICAS\PLANTILLA POO\DEBUG\CAMERA_V2.OBJ
C:\Users\Usuario\Documents\.1) Facu\5to Sem\GC\proyecto\Proyecto_Graficas\Plantilla POO\Debug\cl.command.1.tlog
C:\Users\Usuario\Documents\.1) Facu\5to Sem\GC\proyecto\Proyecto_Graficas\Plantilla POO\Debug\CL.read.1.tlog
C:\Users\Usuario\Documents\.1) Facu\5to Sem\GC\proyecto\Proyecto_Graficas\Plantilla POO\Debug\CL.write.1.tlog
C:\USERS\USUARIO\DOCUMENTS\.1) FACU\5TO SEM\GC\PROYECTO\PROYECTO_GRAFICAS\PLANTILLA POO\DEBUG\DOME.OBJ
C:\Users\Usuario\Documents\.1) Facu\5to Sem\GC\proyecto\Proyecto_Graficas\Plantilla POO\Debug\Gato.obj
C:\USERS\USUARIO\DOCUMENTS\.1) FACU\5TO SEM\GC\PROYECTO\PROYECTO_GRAFICAS\PLANTILLA POO\DEBUG\GLM.OBJ
C:\Users\Usuario\Documents\.1) Facu\5to Sem\GC\proyecto\Proyecto_Graficas\Plantilla POO\Debug\link.10236.read.1.tlog
C:\Users\Usuario\Documents\.1) Facu\5to Sem\GC\proyecto\Proyecto_Graficas\Plantilla POO\Debug\link.10236.write.1.tlog
C:\Users\Usuario\Documents\.1) Facu\5to Sem\GC\proyecto\Proyecto_Graficas\Plantilla POO\Debug\link.10236-cvtres.read.1.tlog
C:\Users\Usuario\Documents\.1) Facu\5to Sem\GC\proyecto\Proyecto_Graficas\Plantilla POO\Debug\link.10236-cvtres.write.1.tlog
C:\Users\Usuario\Documents\.1) Facu\5to Sem\GC\proyecto\Proyecto_Graficas\Plantilla POO\Debug\link.10912.read.1.tlog
C:\Users\Usuario\Documents\.1) Facu\5to Sem\GC\proyecto\Proyecto_Graficas\Plantilla POO\Debug\link.10912.write.1.tlog
C:\Users\Usuario\Documents\.1) Facu\5to Sem\GC\proyecto\Proyecto_Graficas\Plantilla POO\Debug\link.10912-cvtres.read.1.tlog
C:\Users\Usuario\Documents\.1) Facu\5to Sem\GC\proyecto\Proyecto_Graficas\Plantilla POO\Debug\link.10912-cvtres.write.1.tlog
C:\Users\Usuario\Documents\.1) Facu\5to Sem\GC\proyecto\Proyecto_Graficas\Plantilla POO\Debug\link.11392.read.1.tlog
C:\Users\Usuario\Documents\.1) Facu\5to Sem\GC\proyecto\Proyecto_Graficas\Plantilla POO\Debug\link.11392.write.1.tlog
C:\Users\Usuario\Documents\.1) Facu\5to Sem\GC\proyecto\Proyecto_Graficas\Plantilla POO\Debug\link.11392-cvtres.read.1.tlog
C:\Users\Usuario\Documents\.1) Facu\5to Sem\GC\proyecto\Proyecto_Graficas\Plantilla POO\Debug\link.11392-cvtres.write.1.tlog
C:\Users\Usuario\Documents\.1) Facu\5to Sem\GC\proyecto\Proyecto_Graficas\Plantilla POO\Debug\link.1188.read.1.tlog
C:\Users\Usuario\Documents\.1) Facu\5to Sem\GC\proyecto\Proyecto_Graficas\Plantilla POO\Debug\link.1188.write.1.tlog
C:\Users\Usuario\Documents\.1) Facu\5to Sem\GC\proyecto\Proyecto_Graficas\Plantilla POO\Debug\link.1188-cvtres.read.1.tlog
C:\Users\Usuario\Documents\.1) Facu\5to Sem\GC\proyecto\Proyecto_Graficas\Plantilla POO\Debug\link.1188-cvtres.write.1.tlog
C:\Users\Usuario\Documents\.1) Facu\5to Sem\GC\proyecto\Proyecto_Graficas\Plantilla POO\Debug\link.12776.read.1.tlog
C:\Users\Usuario\Documents\.1) Facu\5to Sem\GC\proyecto\Proyecto_Graficas\Plantilla POO\Debug\link.12776.write.1.tlog
C:\Users\Usuario\Documents\.1) Facu\5to Sem\GC\proyecto\Proyecto_Graficas\Plantilla POO\Debug\link.12776-cvtres.read.1.tlog
C:\Users\Usuario\Documents\.1) Facu\5to Sem\GC\proyecto\Proyecto_Graficas\Plantilla POO\Debug\link.12776-cvtres.write.1.tlog
C:\Users\Usuario\Documents\.1) Facu\5to Sem\GC\proyecto\Proyecto_Graficas\Plantilla POO\Debug\link.13680.read.1.tlog
C:\Users\Usuario\Documents\.1) Facu\5to Sem\GC\proyecto\Proyecto_Graficas\Plantilla POO\Debug\link.13680.write.1.tlog
C:\Users\Usuario\Documents\.1) Facu\5to Sem\GC\proyecto\Proyecto_Graficas\Plantilla POO\Debug\link.13680-cvtres.read.1.tlog
C:\Users\Usuario\Documents\.1) Facu\5to Sem\GC\proyecto\Proyecto_Graficas\Plantilla POO\Debug\link.13680-cvtres.write.1.tlog
C:\Users\Usuario\Documents\.1) Facu\5to Sem\GC\proyecto\Proyecto_Graficas\Plantilla POO\Debug\link.16176.read.1.tlog
C:\Users\Usuario\Documents\.1) Facu\5to Sem\GC\proyecto\Proyecto_Graficas\Plantilla POO\Debug\link.16176.write.1.tlog
C:\Users\Usuario\Documents\.1) Facu\5to Sem\GC\proyecto\Proyecto_Graficas\Plantilla POO\Debug\link.16176-cvtres.read.1.tlog
C:\Users\Usuario\Documents\.1) Facu\5to Sem\GC\proyecto\Proyecto_Graficas\Plantilla POO\Debug\link.16176-cvtres.write.1.tlog
C:\Users\Usuario\Documents\.1) Facu\5to Sem\GC\proyecto\Proyecto_Graficas\Plantilla POO\Debug\link.1840.read.1.tlog
C:\Users\Usuario\Documents\.1) Facu\5to Sem\GC\proyecto\Proyecto_Graficas\Plantilla POO\Debug\link.1840.write.1.tlog
C:\Users\Usuario\Documents\.1) Facu\5to Sem\GC\proyecto\Proyecto_Graficas\Plantilla POO\Debug\link.1840-cvtres.read.1.tlog
C:\Users\Usuario\Documents\.1) Facu\5to Sem\GC\proyecto\Proyecto_Graficas\Plantilla POO\Debug\link.1840-cvtres.write.1.tlog
C:\Users\Usuario\Documents\.1) Facu\5to Sem\GC\proyecto\Proyecto_Graficas\Plantilla POO\Debug\link.2640.read.1.tlog
C:\Users\Usuario\Documents\.1) Facu\5to Sem\GC\proyecto\Proyecto_Graficas\Plantilla POO\Debug\link.2640.write.1.tlog
C:\Users\Usuario\Documents\.1) Facu\5to Sem\GC\proyecto\Proyecto_Graficas\Plantilla POO\Debug\link.2640-cvtres.read.1.tlog
C:\Users\Usuario\Documents\.1) Facu\5to Sem\GC\proyecto\Proyecto_Graficas\Plantilla POO\Debug\link.2640-cvtres.write.1.tlog
C:\Users\Usuario\Documents\.1) Facu\5to Sem\GC\proyecto\Proyecto_Graficas\Plantilla POO\Debug\link.283868.read.1.tlog
C:\Users\Usuario\Documents\.1) Facu\5to Sem\GC\proyecto\Proyecto_Graficas\Plantilla POO\Debug\link.283868.write.1.tlog
C:\Users\Usuario\Documents\.1) Facu\5to Sem\GC\proyecto\Proyecto_Graficas\Plantilla POO\Debug\link.283868-cvtres.read.1.tlog
C:\Users\Usuario\Documents\.1) Facu\5to Sem\GC\proyecto\Proyecto_Graficas\Plantilla POO\Debug\link.283868-cvtres.write.1.tlog
C:\Users\Usuario\Documents\.1) Facu\5to Sem\GC\proyecto\Proyecto_Graficas\Plantilla POO\Debug\link.3320.read.1.tlog
C:\Users\Usuario\Documents\.1) Facu\5to Sem\GC\proyecto\Proyecto_Graficas\Plantilla POO\Debug\link.3320.write.1.tlog
C:\Users\Usuario\Documents\.1) Facu\5to Sem\GC\proyecto\Proyecto_Graficas\Plantilla POO\Debug\link.3320-cvtres.read.1.tlog
C:\Users\Usuario\Documents\.1) Facu\5to Sem\GC\proyecto\Proyecto_Graficas\Plantilla POO\Debug\link.3320-cvtres.write.1.tlog
C:\Users\Usuario\Documents\.1) Facu\5to Sem\GC\proyecto\Proyecto_Graficas\Plantilla POO\Debug\link.3536.read.1.tlog
C:\Users\Usuario\Documents\.1) Facu\5to Sem\GC\proyecto\Proyecto_Graficas\Plantilla POO\Debug\link.3536.write.1.tlog
C:\Users\Usuario\Documents\.1) Facu\5to Sem\GC\proyecto\Proyecto_Graficas\Plantilla POO\Debug\link.3536-cvtres.read.1.tlog
C:\Users\Usuario\Documents\.1) Facu\5to Sem\GC\proyecto\Proyecto_Graficas\Plantilla POO\Debug\link.3536-cvtres.write.1.tlog
C:\Users\Usuario\Documents\.1) Facu\5to Sem\GC\proyecto\Proyecto_Graficas\Plantilla POO\Debug\link.4724.read.1.tlog
C:\Users\Usuario\Documents\.1) Facu\5to Sem\GC\proyecto\Proyecto_Graficas\Plantilla POO\Debug\link.4724.write.1.tlog
C:\Users\Usuario\Documents\.1) Facu\5to Sem\GC\proyecto\Proyecto_Graficas\Plantilla POO\Debug\link.4724-cvtres.read.1.tlog
C:\Users\Usuario\Documents\.1) Facu\5to Sem\GC\proyecto\Proyecto_Graficas\Plantilla POO\Debug\link.4724-cvtres.write.1.tlog
C:\Users\Usuario\Documents\.1) Facu\5to Sem\GC\proyecto\Proyecto_Graficas\Plantilla POO\Debug\link.5488.read.1.tlog
C:\Users\Usuario\Documents\.1) Facu\5to Sem\GC\proyecto\Proyecto_Graficas\Plantilla POO\Debug\link.5488.write.1.tlog
C:\Users\Usuario\Documents\.1) Facu\5to Sem\GC\proyecto\Proyecto_Graficas\Plantilla POO\Debug\link.5488-cvtres.read.1.tlog
C:\Users\Usuario\Documents\.1) Facu\5to Sem\GC\proyecto\Proyecto_Graficas\Plantilla POO\Debug\link.5488-cvtres.write.1.tlog
C:\Users\Usuario\Documents\.1) Facu\5to Sem\GC\proyecto\Proyecto_Graficas\Plantilla POO\Debug\link.5640.read.1.tlog
C:\Users\Usuario\Documents\.1) Facu\5to Sem\GC\proyecto\Proyecto_Graficas\Plantilla POO\Debug\link.5640.write.1.tlog
C:\Users\Usuario\Documents\.1) Facu\5to Sem\GC\proyecto\Proyecto_Graficas\Plantilla POO\Debug\link.5640-cvtres.read.1.tlog
C:\Users\Usuario\Documents\.1) Facu\5to Sem\GC\proyecto\Proyecto_Graficas\Plantilla POO\Debug\link.5640-cvtres.write.1.tlog
C:\Users\Usuario\Documents\.1) Facu\5to Sem\GC\proyecto\Proyecto_Graficas\Plantilla POO\Debug\link.5672.read.1.tlog
C:\Users\Usuario\Documents\.1) Facu\5to Sem\GC\proyecto\Proyecto_Graficas\Plantilla POO\Debug\link.5672.write.1.tlog
C:\Users\Usuario\Documents\.1) Facu\5to Sem\GC\proyecto\Proyecto_Graficas\Plantilla POO\Debug\link.5672-cvtres.read.1.tlog
C:\Users\Usuario\Documents\.1) Facu\5to Sem\GC\proyecto\Proyecto_Graficas\Plantilla POO\Debug\link.5672-cvtres.write.1.tlog
C:\Users\Usuario\Documents\.1) Facu\5to Sem\GC\proyecto\Proyecto_Graficas\Plantilla POO\Debug\link.6328.read.1.tlog
C:\Users\Usuario\Documents\.1) Facu\5to Sem\GC\proyecto\Proyecto_Graficas\Plantilla POO\Debug\link.6328.write.1.tlog
C:\Users\Usuario\Documents\.1) Facu\5to Sem\GC\proyecto\Proyecto_Graficas\Plantilla POO\Debug\link.6328-cvtres.read.1.tlog
C:\Users\Usuario\Documents\.1) Facu\5to Sem\GC\proyecto\Proyecto_Graficas\Plantilla POO\Debug\link.6328-cvtres.write.1.tlog
C:\Users\Usuario\Documents\.1) Facu\5to Sem\GC\proyecto\Proyecto_Graficas\Plantilla POO\Debug\link.7536.read.1.tlog
C:\Users\Usuario\Documents\.1) Facu\5to Sem\GC\proyecto\Proyecto_Graficas\Plantilla POO\Debug\link.7536.write.1.tlog
C:\Users\Usuario\Documents\.1) Facu\5to Sem\GC\proyecto\Proyecto_Graficas\Plantilla POO\Debug\link.7536-cvtres.read.1.tlog
C:\Users\Usuario\Documents\.1) Facu\5to Sem\GC\proyecto\Proyecto_Graficas\Plantilla POO\Debug\link.7536-cvtres.write.1.tlog
C:\Users\Usuario\Documents\.1) Facu\5to Sem\GC\proyecto\Proyecto_Graficas\Plantilla POO\Debug\link.7800.read.1.tlog
C:\Users\Usuario\Documents\.1) Facu\5to Sem\GC\proyecto\Proyecto_Graficas\Plantilla POO\Debug\link.7800.write.1.tlog
C:\Users\Usuario\Documents\.1) Facu\5to Sem\GC\proyecto\Proyecto_Graficas\Plantilla POO\Debug\link.7800-cvtres.read.1.tlog
C:\Users\Usuario\Documents\.1) Facu\5to Sem\GC\proyecto\Proyecto_Graficas\Plantilla POO\Debug\link.7800-cvtres.write.1.tlog
C:\Users\Usuario\Documents\.1) Facu\5to Sem\GC\proyecto\Proyecto_Graficas\Plantilla POO\Debug\link.7836.read.1.tlog
C:\Users\Usuario\Documents\.1) Facu\5to Sem\GC\proyecto\Proyecto_Graficas\Plantilla POO\Debug\link.7836.write.1.tlog
C:\Users\Usuario\Documents\.1) Facu\5to Sem\GC\proyecto\Proyecto_Graficas\Plantilla POO\Debug\link.7836-cvtres.read.1.tlog
C:\Users\Usuario\Documents\.1) Facu\5to Sem\GC\proyecto\Proyecto_Graficas\Plantilla POO\Debug\link.7836-cvtres.write.1.tlog
C:\Users\Usuario\Documents\.1) Facu\5to Sem\GC\proyecto\Proyecto_Graficas\Plantilla POO\Debug\link.8528.read.1.tlog
C:\Users\Usuario\Documents\.1) Facu\5to Sem\GC\proyecto\Proyecto_Graficas\Plantilla POO\Debug\link.8528.write.1.tlog
C:\Users\Usuario\Documents\.1) Facu\5to Sem\GC\proyecto\Proyecto_Graficas\Plantilla POO\Debug\link.8528-cvtres.read.1.tlog
C:\Users\Usuario\Documents\.1) Facu\5to Sem\GC\proyecto\Proyecto_Graficas\Plantilla POO\Debug\link.8528-cvtres.write.1.tlog
C:\Users\Usuario\Documents\.1) Facu\5to Sem\GC\proyecto\Proyecto_Graficas\Plantilla POO\Debug\link.9168.read.1.tlog
C:\Users\Usuario\Documents\.1) Facu\5to Sem\GC\proyecto\Proyecto_Graficas\Plantilla POO\Debug\link.9168.write.1.tlog
C:\Users\Usuario\Documents\.1) Facu\5to Sem\GC\proyecto\Proyecto_Graficas\Plantilla POO\Debug\link.9168-cvtres.read.1.tlog
C:\Users\Usuario\Documents\.1) Facu\5to Sem\GC\proyecto\Proyecto_Graficas\Plantilla POO\Debug\link.9168-cvtres.write.1.tlog
C:\Users\Usuario\Documents\.1) Facu\5to Sem\GC\proyecto\Proyecto_Graficas\Plantilla POO\Debug\link.9268.read.1.tlog
C:\Users\Usuario\Documents\.1) Facu\5to Sem\GC\proyecto\Proyecto_Graficas\Plantilla POO\Debug\link.9268.write.1.tlog
C:\Users\Usuario\Documents\.1) Facu\5to Sem\GC\proyecto\Proyecto_Graficas\Plantilla POO\Debug\link.9268-cvtres.read.1.tlog
C:\Users\Usuario\Documents\.1) Facu\5to Sem\GC\proyecto\Proyecto_Graficas\Plantilla POO\Debug\link.9268-cvtres.write.1.tlog
C:\Users\Usuario\Documents\.1) Facu\5to Sem\GC\proyecto\Proyecto_Graficas\Plantilla POO\Debug\link.9432.read.1.tlog
C:\Users\Usuario\Documents\.1) Facu\5to Sem\GC\proyecto\Proyecto_Graficas\Plantilla POO\Debug\link.9432.write.1.tlog
C:\Users\Usuario\Documents\.1) Facu\5to Sem\GC\proyecto\Proyecto_Graficas\Plantilla POO\Debug\link.9432-cvtres.read.1.tlog
C:\Users\Usuario\Documents\.1) Facu\5to Sem\GC\proyecto\Proyecto_Graficas\Plantilla POO\Debug\link.9432-cvtres.write.1.tlog
C:\Users\Usuario\Documents\.1) Facu\5to Sem\GC\proyecto\Proyecto_Graficas\Plantilla POO\Debug\link.9528.read.1.tlog
C:\Users\Usuario\Documents\.1) Facu\5to Sem\GC\proyecto\Proyecto_Graficas\Plantilla POO\Debug\link.9528.write.1.tlog
C:\Users\Usuario\Documents\.1) Facu\5to Sem\GC\proyecto\Proyecto_Graficas\Plantilla POO\Debug\link.9528-cvtres.read.1.tlog
C:\Users\Usuario\Documents\.1) Facu\5to Sem\GC\proyecto\Proyecto_Graficas\Plantilla POO\Debug\link.9528-cvtres.write.1.tlog
C:\Users\Usuario\Documents\.1) Facu\5to Sem\GC\proyecto\Proyecto_Graficas\Plantilla POO\Debug\link.9768.read.1.tlog
C:\Users\Usuario\Documents\.1) Facu\5to Sem\GC\proyecto\Proyecto_Graficas\Plantilla POO\Debug\link.9768.write.1.tlog
C:\Users\Usuario\Documents\.1) Facu\5to Sem\GC\proyecto\Proyecto_Graficas\Plantilla POO\Debug\link.9768-cvtres.read.1.tlog
C:\Users\Usuario\Documents\.1) Facu\5to Sem\GC\proyecto\Proyecto_Graficas\Plantilla POO\Debug\link.9768-cvtres.write.1.tlog
C:\Users\Usuario\Documents\.1) Facu\5to Sem\GC\proyecto\Proyecto_Graficas\Plantilla POO\Debug\link.command.1.tlog
C:\Users\Usuario\Documents\.1) Facu\5to Sem\GC\proyecto\Proyecto_Graficas\Plantilla POO\Debug\link.read.1.tlog
C:\Users\Usuario\Documents\.1) Facu\5to Sem\GC\proyecto\Proyecto_Graficas\Plantilla POO\Debug\link.write.1.tlog
C:\Users\Usuario\Documents\.1) Facu\5to Sem\GC\proyecto\Proyecto_Graficas\Plantilla POO\Debug\link-cvtres.read.1.tlog
C:\Users\Usuario\Documents\.1) Facu\5to Sem\GC\proyecto\Proyecto_Graficas\Plantilla POO\Debug\link-cvtres.write.1.tlog
C:\USERS\USUARIO\DOCUMENTS\.1) FACU\5TO SEM\GC\PROYECTO\PROYECTO_GRAFICAS\PLANTILLA POO\DEBUG\MAIN.OBJ
C:\USERS\USUARIO\DOCUMENTS\.1) FACU\5TO SEM\GC\PROYECTO\PROYECTO_GRAFICAS\PLANTILLA POO\DEBUG\MODEL.OBJ
C:\Users\Usuario\Documents\.1) Facu\5to Sem\GC\proyecto\Proyecto_Graficas\Plantilla POO\Debug\mt.command.1.tlog
C:\Users\Usuario\Documents\.1) Facu\5to Sem\GC\proyecto\Proyecto_Graficas\Plantilla POO\Debug\mt.read.1.tlog
C:\Users\Usuario\Documents\.1) Facu\5to Sem\GC\proyecto\Proyecto_Graficas\Plantilla POO\Debug\mt.write.1.tlog
C:\USERS\USUARIO\DOCUMENTS\.1) FACU\5TO SEM\GC\PROYECTO\PROYECTO_GRAFICAS\PLANTILLA POO\DEBUG\OBJETOS.OBJ
C:\Users\Usuario\Documents\.1) Facu\5to Sem\GC\proyecto\Proyecto_Graficas\Plantilla POO\Debug\Plantilla POO.exe.embed.manifest
C:\USERS\USUARIO\DOCUMENTS\.1) FACU\5TO SEM\GC\PROYECTO\PROYECTO_GRAFICAS\PLANTILLA POO\DEBUG\PLANTILLA POO.EXE.EMBED.MANIFEST.RES
C:\USERS\USUARIO\DOCUMENTS\.1) FACU\5TO SEM\GC\PROYECTO\PROYECTO_GRAFICAS\PLANTILLA POO\DEBUG\PLANTILLA POO.EXE.INTERMEDIATE.MANIFEST
C:\Users\Usuario\Documents\.1) Facu\5to Sem\GC\proyecto\Proyecto_Graficas\Plantilla POO\Debug\Plantilla POO.vcxprojResolveAssemblyReference.cache
C:\Users\Usuario\Documents\.1) Facu\5to Sem\GC\proyecto\Proyecto_Graficas\Plantilla POO\Debug\Plantilla POO.write.1.tlog
C:\Users\Usuario\Documents\.1) Facu\5to Sem\GC\proyecto\Proyecto_Graficas\Plantilla POO\Debug\Plantilla POO_manifest.rc
C:\Users\Usuario\Documents\.1) Facu\5to Sem\GC\proyecto\Proyecto_Graficas\Plantilla POO\Debug\rc.command.1.tlog
C:\Users\Usuario\Documents\.1) Facu\5to Sem\GC\proyecto\Proyecto_Graficas\Plantilla POO\Debug\rc.read.1.tlog
C:\Users\Usuario\Documents\.1) Facu\5to Sem\GC\proyecto\Proyecto_Graficas\Plantilla POO\Debug\rc.write.1.tlog
C:\USERS\USUARIO\DOCUMENTS\.1) FACU\5TO SEM\GC\PROYECTO\PROYECTO_GRAFICAS\PLANTILLA POO\DEBUG\TERRAIN_V2.OBJ
C:\Users\Usuario\Documents\.1) Facu\5to Sem\GC\proyecto\Proyecto_Graficas\Plantilla POO\Debug\vc100.idb
C:\USERS\USUARIO\DOCUMENTS\.1) FACU\5TO SEM\GC\PROYECTO\PROYECTO_GRAFICAS\PLANTILLA POO\DEBUG\VC100.PDB
C:\USERS\USUARIO\DOCUMENTS\.1) FACU\5TO SEM\GC\PROYECTO\PROYECTO_GRAFICAS\PLANTILLA POO\DEBUG\WATER.OBJ
